Start testing: Jun 04 00:27 SE Asia Standard Time
----------------------------------------------------------
1/1 Testing: HelloTest
1/1 Test: HelloTest
Command: "C:/WORK/CODE/CICD/CICD_CPP/build/tests/hello_test.exe"
Directory: C:/WORK/CODE/CICD/CICD_CPP/build/tests
"HelloTest" start time: Jun 04 00:27 SE Asia Standard Time
Output:
----------------------------------------------------------
Test::testHelloWorld : OK
<end of output>
Test time =   0.02 sec
----------------------------------------------------------
Test Passed.
"HelloTest" end time: Jun 04 00:27 SE Asia Standard Time
"HelloTest" time elapsed: 00:00:00
----------------------------------------------------------

End testing: Jun 04 00:27 SE Asia Standard Time
